<?xml version="1.0" encoding="UTF-8"?>
<testng-results ignored="0" total="2" passed="2" failed="0" skipped="0">
  <reporter-output>
  </reporter-output>
  <suite started-at="2021-08-03T15:57:35 PDT" name="Default suite" finished-at="2021-08-03T15:57:36 PDT" duration-ms="662">
    <groups>
    </groups>
    <test started-at="2021-08-03T15:57:35 PDT" name="Default test" finished-at="2021-08-03T15:57:36 PDT" duration-ms="662">
      <class name="com.qa.tests.GetAPITest">
        <test-method is-config="true" signature="setUp()[pri:0, instance:com.qa.tests.GetAPITest@63a65a25]" started-at="2021-08-03T15:57:35 PDT" name="setUp" finished-at="2021-08-03T15:57:35 PDT" duration-ms="4" status="PASS">
          <reporter-output>
          </reporter-output>
        </test-method> <!-- setUp -->
        <test-method signature="getAPITestWithoutHeaders()[pri:1, instance:com.qa.tests.GetAPITest@63a65a25]" started-at="2021-08-03T15:57:35 PDT" name="getAPITestWithoutHeaders" finished-at="2021-08-03T15:57:36 PDT" duration-ms="548" status="PASS">
          <reporter-output>
          </reporter-output>
        </test-method> <!-- getAPITestWithoutHeaders -->
        <test-method signature="getAPITestWithHeaders()[pri:2, instance:com.qa.tests.GetAPITest@63a65a25]" started-at="2021-08-03T15:57:36 PDT" name="getAPITestWithHeaders" finished-at="2021-08-03T15:57:36 PDT" duration-ms="73" status="PASS">
          <reporter-output>
          </reporter-output>
        </test-method> <!-- getAPITestWithHeaders -->
        <test-method is-config="true" signature="setUp()[pri:0, instance:com.qa.tests.GetAPITest@63a65a25]" started-at="2021-08-03T15:57:36 PDT" name="setUp" finished-at="2021-08-03T15:57:36 PDT" duration-ms="0" status="PASS">
          <reporter-output>
          </reporter-output>
        </test-method> <!-- setUp -->
      </class> <!-- com.qa.tests.GetAPITest -->
    </test> <!-- Default test -->
  </suite> <!-- Default suite -->
</testng-results>
