<?xml version="1.0" encoding="UTF-8"?>
<testng-results ignored="0" total="1" passed="1" failed="0" skipped="0">
  <reporter-output>
  </reporter-output>
  <suite started-at="2021-08-09T09:41:39 PDT" name="Default suite" finished-at="2021-08-09T09:41:40 PDT" duration-ms="951">
    <groups>
    </groups>
    <test started-at="2021-08-09T09:41:39 PDT" name="Default test" finished-at="2021-08-09T09:41:40 PDT" duration-ms="951">
      <class name="com.qa.tests.PostAPITest">
        <test-method is-config="true" signature="setUp()[pri:0, instance:com.qa.tests.PostAPITest@12b0404f]" started-at="2021-08-09T09:41:39 PDT" name="setUp" finished-at="2021-08-09T09:41:40 PDT" duration-ms="4" status="PASS">
          <reporter-output>
          </reporter-output>
        </test-method> <!-- setUp -->
        <test-method signature="postAPITest()[pri:0, instance:com.qa.tests.PostAPITest@12b0404f]" started-at="2021-08-09T09:41:40 PDT" name="postAPITest" finished-at="2021-08-09T09:41:40 PDT" duration-ms="910" status="PASS">
          <reporter-output>
          </reporter-output>
        </test-method> <!-- postAPITest -->
      </class> <!-- com.qa.tests.PostAPITest -->
    </test> <!-- Default test -->
  </suite> <!-- Default suite -->
</testng-results>
