<?xml version="1.0" encoding="UTF-8"?>
<testng-results skipped="0" failed="0" ignored="0" total="1" passed="1">
  <reporter-output>
  </reporter-output>
  <suite name="Surefire suite" duration-ms="1052" started-at="2020-04-29T17:36:14 PDT" finished-at="2020-04-29T17:36:15 PDT">
    <groups>
    </groups>
    <test name="Surefire test" duration-ms="1052" started-at="2020-04-29T17:36:14 PDT" finished-at="2020-04-29T17:36:15 PDT">
      <class name="ExcelDriven.DataDrivenTest">
        <test-method status="PASS" signature="GrabData()[pri:0, instance:ExcelDriven.DataDrivenTest@59ec2012]" name="GrabData" duration-ms="996" started-at="2020-04-29T17:36:14 PDT" finished-at="2020-04-29T17:36:15 PDT">
          <reporter-output>
          </reporter-output>
        </test-method> <!-- GrabData -->
      </class> <!-- ExcelDriven.DataDrivenTest -->
    </test> <!-- Surefire test -->
  </suite> <!-- Surefire suite -->
</testng-results>
