<?xml version="1.0" encoding="UTF-8"?>
<testng-results skipped="0" failed="0" ignored="0" total="1" passed="1">
  <reporter-output>
  </reporter-output>
  <suite name="Default suite" duration-ms="78" started-at="2020-04-22T13:50:14 PDT" finished-at="2020-04-22T13:50:14 PDT">
    <groups>
    </groups>
    <test name="Default test" duration-ms="78" started-at="2020-04-22T13:50:14 PDT" finished-at="2020-04-22T13:50:14 PDT">
      <class name="test.day1">
        <test-method status="PASS" signature="Demo()[pri:0, instance:test.day1@18eed359]" name="Demo" duration-ms="14" started-at="2020-04-22T13:50:14 PDT" finished-at="2020-04-22T13:50:14 PDT">
          <reporter-output>
          </reporter-output>
        </test-method> <!-- Demo -->
      </class> <!-- test.day1 -->
    </test> <!-- Default test -->
  </suite> <!-- Default suite -->
</testng-results>
