<?xml version="1.0" encoding="UTF-8"?>
<testng-results skipped="0" failed="0" ignored="0" total="1" passed="1">
  <reporter-output>
  </reporter-output>
  <suite name="Surefire suite" duration-ms="32121" started-at="2020-05-04T18:37:29 PDT" finished-at="2020-05-04T18:38:01 PDT">
    <groups>
    </groups>
    <test name="Surefire test" duration-ms="32121" started-at="2020-05-04T18:37:29 PDT" finished-at="2020-05-04T18:38:01 PDT">
      <class name="POM_TestCase.LoginApplicationTest">
        <test-method status="PASS" signature="rediff()[pri:0, instance:POM_TestCase.LoginApplicationTest@3abbfa04]" name="rediff" duration-ms="32031" started-at="2020-05-04T18:37:29 PDT" finished-at="2020-05-04T18:38:01 PDT">
          <reporter-output>
          </reporter-output>
        </test-method> <!-- rediff -->
      </class> <!-- POM_TestCase.LoginApplicationTest -->
    </test> <!-- Surefire test -->
  </suite> <!-- Surefire suite -->
</testng-results>
