<?xml version="1.0" encoding="UTF-8"?>
<testng-results ignored="0" total="1" passed="1" failed="0" skipped="0">
  <reporter-output>
  </reporter-output>
  <suite started-at="2021-08-11T13:21:43 PDT" name="Default suite" finished-at="2021-08-11T13:21:44 PDT" duration-ms="1634">
    <groups>
    </groups>
    <test started-at="2021-08-11T13:21:43 PDT" name="Default test" finished-at="2021-08-11T13:21:44 PDT" duration-ms="1634">
      <class name="SumValidation">
        <test-method signature="jsonSumValidation()[pri:0, instance:SumValidation@56de5251]" started-at="2021-08-11T13:21:43 PDT" name="jsonSumValidation" finished-at="2021-08-11T13:21:44 PDT" duration-ms="1580" status="PASS">
          <reporter-output>
          </reporter-output>
        </test-method> <!-- jsonSumValidation -->
      </class> <!-- SumValidation -->
    </test> <!-- Default test -->
  </suite> <!-- Default suite -->
</testng-results>
