<?xml version="1.0" encoding="UTF-8"?>
<testng-results skipped="0" failed="0" ignored="0" total="1" passed="1">
  <reporter-output>
  </reporter-output>
  <suite name="QAclickAcademy" duration-ms="22826" started-at="2020-06-01T09:25:32 PDT" finished-at="2020-06-01T09:25:55 PDT">
    <groups>
      <group name="cucumber">
        <method signature="AbstractTestNGCucumberTests.feature(cucumber.api.testng.CucumberFeatureWrapper)[pri:0, instance:TestRunners.testRunner@646be2c3]" name="feature" class="cucumber.api.testng.AbstractTestNGCucumberTests"/>
      </group> <!-- cucumber -->
    </groups>
    <test name="Cucumber" duration-ms="22826" started-at="2020-06-01T09:25:32 PDT" finished-at="2020-06-01T09:25:55 PDT">
      <class name="TestRunners.testRunner">
        <test-method status="PASS" signature="setUpClass()[pri:0, instance:TestRunners.testRunner@646be2c3]" name="setUpClass" is-config="true" duration-ms="241" started-at="2020-06-01T09:25:32 PDT" finished-at="2020-06-01T09:25:32 PDT">
          <reporter-output>
          </reporter-output>
        </test-method> <!-- setUpClass -->
        <test-method status="PASS" signature="feature(cucumber.api.testng.CucumberFeatureWrapper)[pri:0, instance:TestRunners.testRunner@646be2c3]" name="feature" duration-ms="22432" started-at="2020-06-01T09:25:32 PDT" description="Runs Cucumber Feature" data-provider="features" finished-at="2020-06-01T09:25:55 PDT">
          <params>
            <param index="0">
              <value>
                <![CDATA[QAClickAcademy Application Login]]>
              </value>
            </param>
          </params>
          <reporter-output>
          </reporter-output>
        </test-method> <!-- feature -->
        <test-method status="PASS" signature="tearDownClass()[pri:0, instance:TestRunners.testRunner@646be2c3]" name="tearDownClass" is-config="true" duration-ms="3" started-at="2020-06-01T09:25:55 PDT" finished-at="2020-06-01T09:25:55 PDT">
          <reporter-output>
          </reporter-output>
        </test-method> <!-- tearDownClass -->
      </class> <!-- TestRunners.testRunner -->
    </test> <!-- Cucumber -->
  </suite> <!-- QAclickAcademy -->
</testng-results>
