<?xml version="1.0" encoding="UTF-8"?>
<!-- Generated by org.testng.reporters.JUnitXMLReporter -->
<testsuite hostname="Gagans-MBP.attlocal.net" ignored="0" name="QaclickAcademy" tests="3" failures="0" timestamp="2020-05-06T11:25:37 PDT" time="17.771" errors="0">
  <testcase name="HomePage" time="6.708" classname="Academy.ApplicationTest"/>
  <testcase name="LoginPage" time="3.009" classname="Academy.ApplicationTest"/>
  <testcase name="LoginPage" time="2.005" classname="Academy.ApplicationTest"/>
</testsuite> <!-- QaclickAcademy -->
