<?xml version="1.0" encoding="UTF-8"?>
<!-- Generated by org.testng.reporters.JUnitXMLReporter -->
<testsuite hostname="Gagans-MBP.attlocal.net" ignored="0" name="Test" tests="3" failures="0" timestamp="2020-05-06T11:13:02 PDT" time="21.503" errors="0">
  <testcase name="HomePage" time="3.631" classname="Academy.ApplicationTest"/>
  <testcase name="LoginPage" time="4.476" classname="Academy.ApplicationTest"/>
  <testcase name="LoginPage" time="7.626" classname="Academy.ApplicationTest"/>
</testsuite> <!-- Test -->
