<?xml version="1.0" encoding="UTF-8"?>
<!-- Generated by org.testng.reporters.JUnitXMLReporter -->
<testsuite hostname="Gagans-MBP.attlocal.net" ignored="0" name="ValidatingTitle" tests="3" failures="0" timestamp="2020-05-06T11:25:47 PDT" time="10.431" errors="0">
  <testcase name="BasePageNavigation2" time="0.271" classname="Academy.Validatetitle_Test"/>
  <testcase name="BasePageNavigation1" time="0.078" classname="Academy.ValidatetitleTest"/>
  <testcase name="ValidateText" time="0.252" classname="Academy.ValidatetitleTest"/>
</testsuite> <!-- ValidatingTitle -->
