<?xml version="1.0" encoding="UTF-8"?>
<testng-results skipped="0" failed="0" ignored="0" total="1" passed="1">
  <reporter-output>
  </reporter-output>
  <suite name="Suite" duration-ms="12369" started-at="2020-06-01T09:24:32 PDT" finished-at="2020-06-01T09:24:45 PDT">
    <groups>
    </groups>
    <test name="Test" duration-ms="12369" started-at="2020-06-01T09:24:32 PDT" finished-at="2020-06-01T09:24:45 PDT">
      <class name="POM_TestCase.LoginApplicationTest">
        <test-method status="PASS" signature="rediff()[pri:0, instance:POM_TestCase.LoginApplicationTest@4973813a]" name="rediff" duration-ms="12307" started-at="2020-06-01T09:24:33 PDT" finished-at="2020-06-01T09:24:45 PDT">
          <reporter-output>
          </reporter-output>
        </test-method> <!-- rediff -->
      </class> <!-- POM_TestCase.LoginApplicationTest -->
    </test> <!-- Test -->
  </suite> <!-- Suite -->
</testng-results>
