<?xml version="1.0" encoding="UTF-8"?>
<testng-results skipped="0" failed="0" ignored="0" total="2" passed="2">
  <reporter-output>
  </reporter-output>
  <suite name="Suite" duration-ms="58" started-at="2020-06-02T18:12:37 PDT" finished-at="2020-06-02T18:12:38 PDT">
    <groups>
    </groups>
    <test name="Test" duration-ms="58" started-at="2020-06-02T18:12:37 PDT" finished-at="2020-06-02T18:12:38 PDT">
      <class name="Beta.Demo1">
        <test-method status="PASS" signature="Log1()[pri:0, instance:Beta.Demo1@f5958c9]" name="Log1" duration-ms="1" started-at="2020-06-02T18:12:38 PDT" finished-at="2020-06-02T18:12:38 PDT">
          <reporter-output>
          </reporter-output>
        </test-method> <!-- Log1 -->
      </class> <!-- Beta.Demo1 -->
      <class name="Alpha.Demo">
        <test-method status="PASS" signature="Log1()[pri:0, instance:Alpha.Demo@77c2494c]" name="Log1" duration-ms="14" started-at="2020-06-02T18:12:38 PDT" finished-at="2020-06-02T18:12:38 PDT">
          <reporter-output>
          </reporter-output>
        </test-method> <!-- Log1 -->
      </class> <!-- Alpha.Demo -->
    </test> <!-- Test -->
  </suite> <!-- Suite -->
</testng-results>
