<?xml version="1.0" encoding="UTF-8"?>
<testng-results skipped="0" failed="0" ignored="0" total="1" passed="1">
  <reporter-output>
  </reporter-output>
  <suite name="Default suite" duration-ms="29065" started-at="2020-05-04T13:10:10 PDT" finished-at="2020-05-04T13:10:39 PDT">
    <groups>
    </groups>
    <test name="Default test" duration-ms="29065" started-at="2020-05-04T13:10:10 PDT" finished-at="2020-05-04T13:10:39 PDT">
      <class name="POM_TestCase.LoginApplication">
        <test-method status="PASS" signature="rediff()[pri:0, instance:POM_TestCase.LoginApplication@7791a895]" name="rediff" duration-ms="28989" started-at="2020-05-04T13:10:10 PDT" finished-at="2020-05-04T13:10:39 PDT">
          <reporter-output>
          </reporter-output>
        </test-method> <!-- rediff -->
      </class> <!-- POM_TestCase.LoginApplication -->
    </test> <!-- Default test -->
  </suite> <!-- Default suite -->
</testng-results>
