<?xml version="1.0" encoding="UTF-8"?>
<!-- Generated by org.testng.reporters.JUnitXMLReporter -->
<testsuite hostname="Gagans-MBP.attlocal.net" ignored="0" name="Application" tests="4" failures="0" timestamp="2020-05-18T14:45:46 PDT" time="28.802" errors="0">
  <testcase name="HomePage" time="12.678" classname="Academy.ApplicationTest"/>
  <testcase name="LoginPage" time="5.645" classname="Academy.ApplicationTest"/>
  <testcase name="LoginPage" time="2.866" classname="Academy.ApplicationTest"/>
  <testcase name="clickonForgotPassword" time="3.087" classname="Academy.ApplicationTest"/>
</testsuite> <!-- Application -->
