<?xml version="1.0" encoding="UTF-8"?>
<!-- Generated by org.testng.reporters.JUnitXMLReporter -->
<testsuite hostname="Gagans-MBP.attlocal.net" ignored="0" name="ValidatingNavigationTitle" tests="2" failures="0" timestamp="2020-05-18T14:45:31 PDT" time="12.302" errors="0">
  <testcase name="BasePageNavigation2" time="7.783" classname="Academy.Validatetitle_Test"/>
  <testcase name="ValidateText" time="8.096" classname="Academy.ValidatetitleTest"/>
</testsuite> <!-- ValidatingNavigationTitle -->
