<?xml version="1.0" encoding="UTF-8"?>
<!-- Generated by org.testng.reporters.JUnitXMLReporter -->
<testsuite hostname="Gagans-MBP.attlocal.net" ignored="0" name="ValidatingTitle" tests="1" failures="1" timestamp="2020-05-18T14:45:32 PDT" time="15.572" errors="0">
  <testcase name="BasePageNavigation1" time="2.403" classname="Academy.ValidatetitleTest">
    <failure type="java.lang.AssertionError" message="expected:&amp;lt;FEATURED COURSES&amp;gt; but was:&amp;lt;FEATURED COURSES123&amp;gt;">
      <![CDATA[java.lang.AssertionError: expected:<FEATURED COURSES> but was:<FEATURED COURSES123>
at Academy.ValidatetitleTest.BasePageNavigation1(ValidatetitleTest.java:52)
at java.util.ArrayList.forEach(ArrayList.java:1257)
at java.util.concurrent.FutureTask.run(FutureTask.java:266)
at java.util.concurrent.ThreadPoolExecutor.runWorker(ThreadPoolExecutor.java:1149)
at java.util.concurrent.ThreadPoolExecutor$Worker.run(ThreadPoolExecutor.java:624)
at java.lang.Thread.run(Thread.java:748)
... Removed 20 stack frames]]>
    </failure>
  </testcase> <!-- BasePageNavigation1 -->
</testsuite> <!-- ValidatingTitle -->
