<?xml version="1.0" encoding="UTF-8"?>
<!-- Generated by org.testng.reporters.JUnitXMLReporter -->
<testsuite hostname="Gagans-MBP.attlocal.net" ignored="0" name="Regression" tests="6" failures="0" timestamp="2020-04-27T11:21:45 PDT" time="0.066" errors="0">
  <testcase name="AndroidApp" time="0.005" classname="qaclickacademy.AppiumTest"/>
  <testcase name="iOSApp" time="0.001" classname="qaclickacademy.AppiumTest"/>
  <testcase name="BrowserAutomation" time="0.001" classname="qaclickacademy.SeleniumTest"/>
  <testcase name="ElementsUI" time="0.001" classname="qaclickacademy.SeleniumTest"/>
  <testcase name="DeleteTwitter" time="0.0" classname="qaclickacademy.RestAPITest"/>
  <testcase name="PostJira" time="0.002" classname="qaclickacademy.RestAPITest"/>
</testsuite> <!-- Regression -->
