<?xml version="1.0" encoding="UTF-8"?>
<!-- Generated by org.testng.reporters.JUnitXMLReporter -->
<testsuite hostname="Gagans-MBP.attlocal.net" ignored="0" name="Smoke" tests="4" failures="0" timestamp="2020-04-27T11:21:14 PDT" time="0.062" errors="0">
  <testcase name="AndroidApp" time="0.006" classname="qaclickacademy.AppiumTest"/>
  <testcase name="iOSApp" time="0.0" classname="qaclickacademy.AppiumTest"/>
  <testcase name="BrowserAutomation" time="0.0" classname="qaclickacademy.SeleniumTest"/>
  <testcase name="ElementsUI" time="0.001" classname="qaclickacademy.SeleniumTest"/>
</testsuite> <!-- Smoke -->
