<?xml version="1.0" encoding="UTF-8"?>
<testng-results skipped="0" failed="0" ignored="0" total="1" passed="1">
  <reporter-output>
  </reporter-output>
  <suite name="Suite" duration-ms="810" started-at="2020-04-29T10:12:31 PDT" finished-at="2020-04-29T10:12:32 PDT">
    <groups>
    </groups>
    <test name="Test" duration-ms="810" started-at="2020-04-29T10:12:31 PDT" finished-at="2020-04-29T10:12:32 PDT">
      <class name="ExcelDriven.DataDrivenTest">
        <test-method status="PASS" signature="GrabData()[pri:0, instance:ExcelDriven.DataDrivenTest@9660f4e]" name="GrabData" duration-ms="749" started-at="2020-04-29T10:12:31 PDT" finished-at="2020-04-29T10:12:32 PDT">
          <reporter-output>
          </reporter-output>
        </test-method> <!-- GrabData -->
      </class> <!-- ExcelDriven.DataDrivenTest -->
    </test> <!-- Test -->
  </suite> <!-- Suite -->
</testng-results>
