<?xml version="1.0" encoding="UTF-8"?>
<testng-results ignored="0" total="2" passed="2" failed="0" skipped="0">
  <reporter-output>
  </reporter-output>
  <suite started-at="2021-07-19T19:30:07 PDT" name="Default suite" finished-at="2021-07-19T19:30:07 PDT" duration-ms="43">
    <groups>
    </groups>
    <test started-at="2021-07-19T19:30:07 PDT" name="Default test" finished-at="2021-07-19T19:30:07 PDT" duration-ms="43">
      <class name="qaclickacademy.AppiumTest">
        <test-method signature="AndroidApp()[pri:0, instance:qaclickacademy.AppiumTest@3c419631]" started-at="2021-07-19T19:30:07 PDT" name="AndroidApp" finished-at="2021-07-19T19:30:07 PDT" duration-ms="9" status="PASS">
          <reporter-output>
          </reporter-output>
        </test-method> <!-- AndroidApp -->
        <test-method signature="iOSApp()[pri:0, instance:qaclickacademy.AppiumTest@3c419631]" started-at="2021-07-19T19:30:07 PDT" name="iOSApp" finished-at="2021-07-19T19:30:07 PDT" duration-ms="1" status="PASS">
          <reporter-output>
          </reporter-output>
        </test-method> <!-- iOSApp -->
      </class> <!-- qaclickacademy.AppiumTest -->
    </test> <!-- Default test -->
  </suite> <!-- Default suite -->
</testng-results>
