<?xml version="1.0" encoding="UTF-8"?>
<testng-results skipped="0" failed="0" ignored="0" total="4" passed="4">
  <reporter-output>
  </reporter-output>
  <suite name="Suite" duration-ms="85" started-at="2020-04-27T11:20:13 PDT" finished-at="2020-04-27T11:20:13 PDT">
    <groups>
    </groups>
    <test name="Regression" duration-ms="85" started-at="2020-04-27T11:20:13 PDT" finished-at="2020-04-27T11:20:13 PDT">
      <class name="qaclickacademy.AppiumTest">
        <test-method status="PASS" signature="AndroidApp()[pri:0, instance:qaclickacademy.AppiumTest@1b68ddbd]" name="AndroidApp" duration-ms="10" started-at="2020-04-27T11:20:13 PDT" finished-at="2020-04-27T11:20:13 PDT">
          <reporter-output>
          </reporter-output>
        </test-method> <!-- AndroidApp -->
        <test-method status="PASS" signature="iOSApp()[pri:0, instance:qaclickacademy.AppiumTest@1b68ddbd]" name="iOSApp" duration-ms="2" started-at="2020-04-27T11:20:13 PDT" finished-at="2020-04-27T11:20:13 PDT">
          <reporter-output>
          </reporter-output>
        </test-method> <!-- iOSApp -->
      </class> <!-- qaclickacademy.AppiumTest -->
      <class name="qaclickacademy.SeleniumTest">
        <test-method status="PASS" signature="BrowserAutomation()[pri:0, instance:qaclickacademy.SeleniumTest@646d64ab]" name="BrowserAutomation" duration-ms="4" started-at="2020-04-27T11:20:13 PDT" finished-at="2020-04-27T11:20:13 PDT">
          <reporter-output>
          </reporter-output>
        </test-method> <!-- BrowserAutomation -->
        <test-method status="PASS" signature="ElementsUI()[pri:0, instance:qaclickacademy.SeleniumTest@646d64ab]" name="ElementsUI" duration-ms="2" started-at="2020-04-27T11:20:13 PDT" finished-at="2020-04-27T11:20:13 PDT">
          <reporter-output>
          </reporter-output>
        </test-method> <!-- ElementsUI -->
      </class> <!-- qaclickacademy.SeleniumTest -->
    </test> <!-- Regression -->
  </suite> <!-- Suite -->
</testng-results>
