<?xml version="1.0" encoding="UTF-8"?>
<testng-results skipped="0" failed="0" ignored="0" total="1" passed="1">
  <reporter-output>
  </reporter-output>
  <suite name="Default suite" duration-ms="7997" started-at="2020-05-08T08:43:15 PDT" finished-at="2020-05-08T08:43:23 PDT">
    <groups>
    </groups>
    <test name="Default test" duration-ms="7997" started-at="2020-05-08T08:43:15 PDT" finished-at="2020-05-08T08:43:23 PDT">
      <class name="Extent_Reports.ApplicationTest">
        <test-method status="PASS" signature="Configuration()[pri:0, instance:Extent_Reports.ApplicationTest@1f554b06]" name="Configuration" is-config="true" duration-ms="191" started-at="2020-05-08T08:43:15 PDT" finished-at="2020-05-08T08:43:15 PDT">
          <reporter-output>
          </reporter-output>
        </test-method> <!-- Configuration -->
        <test-method status="PASS" signature="ApplicatonTest()[pri:0, instance:Extent_Reports.ApplicationTest@1f554b06]" name="ApplicatonTest" duration-ms="7739" started-at="2020-05-08T08:43:15 PDT" finished-at="2020-05-08T08:43:23 PDT">
          <reporter-output>
          </reporter-output>
        </test-method> <!-- ApplicatonTest -->
      </class> <!-- Extent_Reports.ApplicationTest -->
    </test> <!-- Default test -->
  </suite> <!-- Default suite -->
</testng-results>
