<?xml version="1.0" encoding="UTF-8"?>
<testng-results skipped="0" failed="0" ignored="0" total="2" passed="2">
  <reporter-output>
  </reporter-output>
  <suite name="Default suite" duration-ms="38731" started-at="2020-06-07T13:51:39 PDT" finished-at="2020-06-07T13:52:18 PDT">
    <groups>
    </groups>
    <test name="Default test" duration-ms="38731" started-at="2020-06-07T13:51:39 PDT" finished-at="2020-06-07T13:52:18 PDT">
      <class name="WayFair.Landing_PageTest">
        <test-method status="PASS" signature="launch_browser()[pri:0, instance:WayFair.Landing_PageTest@1efed156]" name="launch_browser" is-config="true" duration-ms="7455" started-at="2020-06-07T13:51:39 PDT" finished-at="2020-06-07T13:51:47 PDT">
          <reporter-output>
          </reporter-output>
        </test-method> <!-- launch_browser -->
        <test-method status="PASS" signature="pillow_validation()[pri:0, instance:WayFair.Landing_PageTest@1efed156]" name="pillow_validation" duration-ms="10132" started-at="2020-06-07T13:51:47 PDT" finished-at="2020-06-07T13:51:57 PDT">
          <reporter-output>
          </reporter-output>
        </test-method> <!-- pillow_validation -->
        <test-method status="PASS" signature="itemSearching_Page()[pri:0, instance:WayFair.Landing_PageTest@1efed156]" name="itemSearching_Page" duration-ms="21058" started-at="2020-06-07T13:51:57 PDT" depends-on-methods="WayFair.Landing_PageTest.pillow_validation" finished-at="2020-06-07T13:52:18 PDT">
          <reporter-output>
          </reporter-output>
        </test-method> <!-- itemSearching_Page -->
        <test-method status="PASS" signature="closeBrowser()[pri:0, instance:WayFair.Landing_PageTest@1efed156]" name="closeBrowser" is-config="true" duration-ms="0" started-at="2020-06-07T13:52:18 PDT" finished-at="2020-06-07T13:52:18 PDT">
          <reporter-output>
          </reporter-output>
        </test-method> <!-- closeBrowser -->
      </class> <!-- WayFair.Landing_PageTest -->
    </test> <!-- Default test -->
  </suite> <!-- Default suite -->
</testng-results>
